<?xml version="1.0" encoding="UTF-8"?>
<!-- Generated by org.testng.reporters.JUnitReportReporter -->
<testsuite hostname="DESKTOP-LPCCCN9" failures="0" tests="1" name="Sample.Demo1" time="0.022" errors="0" timestamp="2023-08-21T16:27:53 IST" skipped="0">
  <testcase classname="Sample.Demo1" name="Test1" time="0.022"/>
  <system-out/>
</testsuite> <!-- Sample.Demo1 -->
