<?xml version="1.0" encoding="UTF-8"?>
<!-- Generated by org.testng.reporters.JUnitReportReporter -->
<testsuite hostname="DESKTOP-LPCCCN9" failures="0" tests="1" name="Sample.Demo1Test" time="0.009" errors="0" timestamp="2023-08-22T19:35:26 IST" skipped="0">
  <testcase classname="Sample.Demo1Test" name="Test1" time="0.009"/>
  <system-out/>
</testsuite> <!-- Sample.Demo1Test -->
