<?xml version="1.0" encoding="UTF-8"?>
<!-- Generated by org.testng.reporters.JUnitReportReporter -->
<testsuite hostname="DESKTOP-LPCCCN9" failures="0" tests="1" name="Sample.Demo2Test" time="0.010" errors="0" timestamp="2023-08-22T19:35:17 IST" skipped="0">
  <testcase classname="Sample.Demo2Test" name="d1Test2" time="0.010"/>
  <system-out/>
</testsuite> <!-- Sample.Demo2Test -->
