<?xml version="1.0" encoding="UTF-8"?>
<!-- Generated by org.testng.reporters.JUnitReportReporter -->
<testsuite hostname="DESKTOP-LPCCCN9" failures="0" tests="1" name="Sample.Demo2" time="0.018" errors="0" timestamp="2023-08-21T16:28:43 IST" skipped="0">
  <testcase classname="Sample.Demo2" name="d1Test2" time="0.018"/>
  <system-out/>
</testsuite> <!-- Sample.Demo2 -->
